<?xml version="1.0" encoding="UTF-8"?>
<testsuite name="org.bluejserver.BlueJServer.BlueJServerApplicationTests" tests="1" skipped="0" failures="0" errors="0" timestamp="2023-03-03T16:08:56" hostname="DESKTOP-JARNETH" time="0.302">
  <properties/>
  <testcase name="contextLoads()" classname="org.bluejserver.BlueJServer.BlueJServerApplicationTests" time="0.302"/>
  <system-out><![CDATA[17:08:55.259 [Test worker] DEBUG org.springframework.boot.test.context.SpringBootTestContextBootstrapper - Neither @ContextConfiguration nor @ContextHierarchy found for test class [BlueJServerApplicationTests]: using SpringBootContextLoader
17:08:55.263 [Test worker] DEBUG org.springframework.test.context.support.AbstractContextLoader - Could not detect default resource locations for test class [org.bluejserver.BlueJServer.BlueJServerApplicationTests]: no resource found for suffixes {-context.xml, Context.groovy}.
17:08:55.264 [Test worker] INFO org.springframework.test.context.support.AnnotationConfigContextLoaderUtils - Could not detect default configuration classes for test class [org.bluejserver.BlueJServer.BlueJServerApplicationTests]: BlueJServerApplicationTests does not declare any static, non-private, non-final, nested classes annotated with @Configuration.
17:08:55.280 [Test worker] DEBUG org.springframework.boot.test.context.SpringBootTestContextBootstrapper - Using ContextCustomizers for test class [BlueJServerApplicationTests]: [DisableObservabilityContextCustomizer, PropertyMappingContextCustomizer, Customizer, ExcludeFilterContextCustomizer, DuplicateJsonObjectContextCustomizer, MockitoContextCustomizer, TestRestTemplateContextCustomizer]
17:08:55.326 [Test worker] DEBUG org.springframework.context.annotation.ClassPathScanningCandidateComponentProvider - Identified candidate component class: file [C:\Users\Jarne\OneDrive\Documenten\BlueJServer\build\classes\java\main\org\bluejserver\BlueJServer\BlueJServerApplication.class]
17:08:55.333 [Test worker] INFO org.springframework.boot.test.context.SpringBootTestContextBootstrapper - Found @SpringBootConfiguration org.bluejserver.BlueJServer.BlueJServerApplication for test class org.bluejserver.BlueJServer.BlueJServerApplicationTests
17:08:55.412 [Test worker] DEBUG org.springframework.test.context.util.TestContextSpringFactoriesUtils - Skipping candidate TestExecutionListener [org.springframework.test.context.transaction.TransactionalTestExecutionListener] due to a missing dependency. Specify custom TestExecutionListener classes or make the default TestExecutionListener classes and their required dependencies available. Offending class: [org/springframework/transaction/interceptor/TransactionAttributeSource]
17:08:55.414 [Test worker] DEBUG org.springframework.test.context.util.TestContextSpringFactoriesUtils - Skipping candidate TestExecutionListener [org.springframework.test.context.jdbc.SqlScriptsTestExecutionListener] due to a missing dependency. Specify custom TestExecutionListener classes or make the default TestExecutionListener classes and their required dependencies available. Offending class: [org/springframework/transaction/interceptor/TransactionAttribute]
17:08:55.415 [Test worker] DEBUG org.springframework.boot.test.context.SpringBootTestContextBootstrapper - Using TestExecutionListeners for test class [BlueJServerApplicationTests]: [ServletTestExecutionListener, DirtiesContextBeforeModesTestExecutionListener, ApplicationEventsTestExecutionListener, MockitoTestExecutionListener, DependencyInjectionTestExecutionListener, DirtiesContextTestExecutionListener, EventPublishingTestExecutionListener, RestDocsTestExecutionListener, MockRestServiceServerResetTestExecutionListener, MockMvcPrintOnlyOnFailureTestExecutionListener, WebDriverTestExecutionListener, MockWebServiceServerTestExecutionListener, ResetMocksTestExecutionListener]
17:08:55.415 [Test worker] DEBUG org.springframework.test.context.support.AbstractDirtiesContextTestExecutionListener - Before test class: class [BlueJServerApplicationTests], class annotated with @DirtiesContext [false] with mode [null]

  .   ____          _            __ _ _
 /\\ / ___'_ __ _ _(_)_ __  __ _ \ \ \ \
( ( )\___ | '_ | '_| | '_ \/ _` | \ \ \ \
 \\/  ___)| |_)| | | | | || (_| |  ) ) ) )
  '  |____| .__|_| |_|_| |_\__, | / / / /
 =========|_|==============|___/=/_/_/_/
 :: Spring Boot ::                (v3.0.3)

2023-03-03T17:08:55.611+01:00  INFO 29740 --- [    Test worker] o.b.B.BlueJServerApplicationTests        : Starting BlueJServerApplicationTests using Java 17.0.6 with PID 29740 (started by Jarne in C:\Users\Jarne\OneDrive\Documenten\BlueJServer)
2023-03-03T17:08:55.612+01:00  INFO 29740 --- [    Test worker] o.b.B.BlueJServerApplicationTests        : No active profile set, falling back to 1 default profile: "default"
2023-03-03T17:08:56.374+01:00  INFO 29740 --- [    Test worker] o.b.B.BlueJServerApplicationTests        : Started BlueJServerApplicationTests in 0.922 seconds (process running for 1.723)
]]></system-out>
  <system-err><![CDATA[]]></system-err>
</testsuite>
